android/app/build/intermediates/manifest_merge_blame_file/debug/manifest-merger-blame-debug-report.txt
1<?xml version="1.0" encoding="utf-8"?>
2<manifest xmlns:android="http://schemas.android.com/apk/res/android"
3    package="com.jaiye.artist"
4    android:versionCode="1"
5    android:versionName="1.0" >
6
7    <uses-sdk
8        android:minSdkVersion="16"
9        android:targetSdkVersion="28" />
10
11    <uses-permission android:name="android.permission.SYSTEM_ALERT_WINDOW" />
11-->src/debug/AndroidManifest.xml:5:5-77
11-->src/debug/AndroidManifest.xml:5:22-75
12    <uses-permission android:name="android.permission.INTERNET" />
12-->src/main/AndroidManifest.xml:4:5-67
12-->src/main/AndroidManifest.xml:4:22-64
13    <uses-permission android:name="android.permission.ACCESS_WIFI_STATE" />
13-->[com.facebook.flipper:flipper:0.33.1] AndroidManifest.xml:16:5-76
13-->[com.facebook.flipper:flipper:0.33.1] AndroidManifest.xml:16:22-73
14    <uses-permission android:name="android.permission.ACCESS_NETWORK_STATE" />
14-->[:react-native-community_netinfo] AndroidManifest.xml:9:5-79
14-->[:react-native-community_netinfo] AndroidManifest.xml:9:22-76
15    <uses-permission android:name="android.permission.WRITE_EXTERNAL_STORAGE" />
15-->[:react-native-image-crop-picker] AndroidManifest.xml:10:5-81
15-->[:react-native-image-crop-picker] AndroidManifest.xml:10:22-78
16    <uses-permission android:name="android.permission.WAKE_LOCK" />
16-->[com.google.android.gms:play-services-measurement:17.2.2] AndroidManifest.xml:25:5-68
16-->[com.google.android.gms:play-services-measurement:17.2.2] AndroidManifest.xml:25:22-65
17    <uses-permission android:name="com.google.android.finsky.permission.BIND_GET_INSTALL_REFERRER_SERVICE" /> <!-- Required by older versions of Google Play services to create IID tokens -->
17-->[com.google.android.gms:play-services-measurement:17.2.2] AndroidManifest.xml:26:5-110
17-->[com.google.android.gms:play-services-measurement:17.2.2] AndroidManifest.xml:26:22-107
18    <uses-permission android:name="com.google.android.c2dm.permission.RECEIVE" />
18-->[com.google.firebase:firebase-iid:20.0.2] AndroidManifest.xml:26:5-82
18-->[com.google.firebase:firebase-iid:20.0.2] AndroidManifest.xml:26:22-79
19
20    <application
20-->src/main/AndroidManifest.xml:6:5-25:19
21        android:name="com.jaiye.artist.MainApplication"
21-->src/main/AndroidManifest.xml:7:7-38
22        android:allowBackup="false"
22-->src/main/AndroidManifest.xml:11:7-34
23        android:appComponentFactory="androidx.core.app.CoreComponentFactory"
23-->[androidx.core:core:1.5.0-alpha04] AndroidManifest.xml:24:18-86
24        android:debuggable="true"
25        android:icon="@mipmap/ic_launcher"
25-->src/main/AndroidManifest.xml:9:7-41
26        android:label="@string/app_name"
26-->src/main/AndroidManifest.xml:8:7-39
27        android:roundIcon="@mipmap/ic_launcher_round"
27-->src/main/AndroidManifest.xml:10:7-52
28        android:supportsRtl="true"
28-->[com.facebook.android:facebook-login:7.1.0] AndroidManifest.xml:28:18-44
29        android:theme="@style/AppTheme"
29-->src/main/AndroidManifest.xml:12:7-38
30        android:usesCleartextTraffic="true" >
30-->src/debug/AndroidManifest.xml:7:18-53
31        <activity
31-->src/main/AndroidManifest.xml:13:7-23:18
32            android:name="com.jaiye.artist.MainActivity"
32-->src/main/AndroidManifest.xml:14:9-37
33            android:configChanges="keyboard|keyboardHidden|orientation|screenSize|uiMode"
33-->src/main/AndroidManifest.xml:16:9-86
34            android:label="@string/app_name"
34-->src/main/AndroidManifest.xml:15:9-41
35            android:launchMode="singleTask"
35-->src/main/AndroidManifest.xml:17:9-40
36            android:windowSoftInputMode="adjustResize" >
36-->src/main/AndroidManifest.xml:18:9-51
37            <intent-filter>
37-->src/main/AndroidManifest.xml:19:9-22:25
38                <action android:name="android.intent.action.MAIN" />
38-->src/main/AndroidManifest.xml:20:13-65
38-->src/main/AndroidManifest.xml:20:21-62
39
40                <category android:name="android.intent.category.LAUNCHER" />
40-->src/main/AndroidManifest.xml:21:13-73
40-->src/main/AndroidManifest.xml:21:23-70
41            </intent-filter>
42        </activity>
43        <activity android:name="com.facebook.react.devsupport.DevSettingsActivity" />
43-->src/main/AndroidManifest.xml:24:7-84
43-->src/main/AndroidManifest.xml:24:17-81
44
45        <provider
45-->[:react-native-image-crop-picker] AndroidManifest.xml:13:9-21:20
46            android:name="androidx.core.content.FileProvider"
46-->[:react-native-image-crop-picker] AndroidManifest.xml:14:13-62
47            android:authorities="com.jaiye.artist.provider"
47-->[:react-native-image-crop-picker] AndroidManifest.xml:15:13-60
48            android:exported="false"
48-->[:react-native-image-crop-picker] AndroidManifest.xml:16:13-37
49            android:grantUriPermissions="true" >
49-->[:react-native-image-crop-picker] AndroidManifest.xml:17:13-47
50            <meta-data
50-->[:react-native-image-crop-picker] AndroidManifest.xml:18:13-20:58
51                android:name="android.support.FILE_PROVIDER_PATHS"
51-->[:react-native-image-crop-picker] AndroidManifest.xml:19:17-67
52                android:resource="@xml/provider_paths" />
52-->[:react-native-image-crop-picker] AndroidManifest.xml:20:17-55
53        </provider>
54
55        <activity
55-->[:react-native-image-crop-picker] AndroidManifest.xml:23:9-25:72
56            android:name="com.yalantis.ucrop.UCropActivity"
56-->[:react-native-image-crop-picker] AndroidManifest.xml:24:13-60
57            android:theme="@style/Theme.AppCompat.Light.NoActionBar" />
57-->[:react-native-image-crop-picker] AndroidManifest.xml:25:13-69
58
59        <provider
59-->[:react-native-image-picker] AndroidManifest.xml:10:9-18:20
60            android:name="com.imagepicker.FileProvider"
60-->[:react-native-image-picker] AndroidManifest.xml:11:13-56
61            android:authorities="com.jaiye.artist.provider"
61-->[:react-native-image-picker] AndroidManifest.xml:12:13-60
62            android:exported="false"
62-->[:react-native-image-picker] AndroidManifest.xml:13:13-37
63            android:grantUriPermissions="true" >
63-->[:react-native-image-picker] AndroidManifest.xml:14:13-47
64            <meta-data
64-->[:react-native-image-crop-picker] AndroidManifest.xml:18:13-20:58
65                android:name="android.support.FILE_PROVIDER_PATHS"
65-->[:react-native-image-crop-picker] AndroidManifest.xml:19:17-67
66                android:resource="@xml/provider_paths" />
66-->[:react-native-image-crop-picker] AndroidManifest.xml:20:17-55
67        </provider>
68
69        <activity
69-->[com.facebook.android:facebook-common:7.1.0] AndroidManifest.xml:30:9-33:66
70            android:name="com.facebook.FacebookActivity"
70-->[com.facebook.android:facebook-common:7.1.0] AndroidManifest.xml:31:13-57
71            android:configChanges="keyboard|keyboardHidden|screenLayout|screenSize|orientation"
71-->[com.facebook.android:facebook-common:7.1.0] AndroidManifest.xml:32:13-96
72            android:theme="@style/com_facebook_activity_theme" />
72-->[com.facebook.android:facebook-common:7.1.0] AndroidManifest.xml:33:13-63
73        <activity android:name="com.facebook.CustomTabMainActivity" />
73-->[com.facebook.android:facebook-common:7.1.0] AndroidManifest.xml:34:9-71
73-->[com.facebook.android:facebook-common:7.1.0] AndroidManifest.xml:34:19-68
74        <activity
74-->[com.facebook.android:facebook-common:7.1.0] AndroidManifest.xml:35:9-49:20
75            android:name="com.facebook.CustomTabActivity"
75-->[com.facebook.android:facebook-common:7.1.0] AndroidManifest.xml:36:13-58
76            android:exported="true" >
76-->[com.facebook.android:facebook-common:7.1.0] AndroidManifest.xml:37:13-36
77            <intent-filter>
77-->[com.facebook.android:facebook-common:7.1.0] AndroidManifest.xml:39:13-48:29
78                <action android:name="android.intent.action.VIEW" />
78-->[com.facebook.android:facebook-common:7.1.0] AndroidManifest.xml:40:17-69
78-->[com.facebook.android:facebook-common:7.1.0] AndroidManifest.xml:40:25-66
79
80                <category android:name="android.intent.category.DEFAULT" />
80-->[com.facebook.android:facebook-common:7.1.0] AndroidManifest.xml:42:17-76
80-->[com.facebook.android:facebook-common:7.1.0] AndroidManifest.xml:42:27-73
81                <category android:name="android.intent.category.BROWSABLE" />
81-->[com.facebook.android:facebook-common:7.1.0] AndroidManifest.xml:43:17-78
81-->[com.facebook.android:facebook-common:7.1.0] AndroidManifest.xml:43:27-75
82
83                <data
83-->[com.facebook.android:facebook-common:7.1.0] AndroidManifest.xml:45:17-47:50
84                    android:host="cct.com.jaiye.artist"
84-->[com.facebook.android:facebook-common:7.1.0] AndroidManifest.xml:46:21-56
85                    android:scheme="fbconnect" />
85-->[com.facebook.android:facebook-common:7.1.0] AndroidManifest.xml:47:21-47
86            </intent-filter>
87        </activity>
88
89        <receiver
89-->[com.google.android.gms:play-services-measurement:17.2.2] AndroidManifest.xml:29:9-33:20
90            android:name="com.google.android.gms.measurement.AppMeasurementReceiver"
90-->[com.google.android.gms:play-services-measurement:17.2.2] AndroidManifest.xml:30:13-85
91            android:enabled="true"
91-->[com.google.android.gms:play-services-measurement:17.2.2] AndroidManifest.xml:31:13-35
92            android:exported="false" >
92-->[com.google.android.gms:play-services-measurement:17.2.2] AndroidManifest.xml:32:13-37
93        </receiver>
94        <receiver
94-->[com.google.android.gms:play-services-measurement:17.2.2] AndroidManifest.xml:34:9-42:20
95            android:name="com.google.android.gms.measurement.AppMeasurementInstallReferrerReceiver"
95-->[com.google.android.gms:play-services-measurement:17.2.2] AndroidManifest.xml:35:13-100
96            android:enabled="true"
96-->[com.google.android.gms:play-services-measurement:17.2.2] AndroidManifest.xml:36:13-35
97            android:exported="true"
97-->[com.google.android.gms:play-services-measurement:17.2.2] AndroidManifest.xml:37:13-36
98            android:permission="android.permission.INSTALL_PACKAGES" >
98-->[com.google.android.gms:play-services-measurement:17.2.2] AndroidManifest.xml:38:13-69
99            <intent-filter>
99-->[com.google.android.gms:play-services-measurement:17.2.2] AndroidManifest.xml:39:13-41:29
100                <action android:name="com.android.vending.INSTALL_REFERRER" />
100-->[com.google.android.gms:play-services-measurement:17.2.2] AndroidManifest.xml:40:17-79
100-->[com.google.android.gms:play-services-measurement:17.2.2] AndroidManifest.xml:40:25-76
101            </intent-filter>
102        </receiver>
103
104        <service
104-->[com.google.android.gms:play-services-measurement:17.2.2] AndroidManifest.xml:44:9-47:40
105            android:name="com.google.android.gms.measurement.AppMeasurementService"
105-->[com.google.android.gms:play-services-measurement:17.2.2] AndroidManifest.xml:45:13-84
106            android:enabled="true"
106-->[com.google.android.gms:play-services-measurement:17.2.2] AndroidManifest.xml:46:13-35
107            android:exported="false" />
107-->[com.google.android.gms:play-services-measurement:17.2.2] AndroidManifest.xml:47:13-37
108        <service
108-->[com.google.android.gms:play-services-measurement:17.2.2] AndroidManifest.xml:48:9-52:72
109            android:name="com.google.android.gms.measurement.AppMeasurementJobService"
109-->[com.google.android.gms:play-services-measurement:17.2.2] AndroidManifest.xml:49:13-87
110            android:enabled="true"
110-->[com.google.android.gms:play-services-measurement:17.2.2] AndroidManifest.xml:50:13-35
111            android:exported="false"
111-->[com.google.android.gms:play-services-measurement:17.2.2] AndroidManifest.xml:51:13-37
112            android:permission="android.permission.BIND_JOB_SERVICE" />
112-->[com.google.android.gms:play-services-measurement:17.2.2] AndroidManifest.xml:52:13-69
113        <service
113-->[com.google.android.gms:play-services-measurement-api:17.2.2] AndroidManifest.xml:27:9-33:19
114            android:name="com.google.firebase.components.ComponentDiscoveryService"
114-->[com.google.android.gms:play-services-measurement-api:17.2.2] AndroidManifest.xml:28:13-84
115            android:directBootAware="true"
115-->[com.google.firebase:firebase-common:19.3.0] AndroidManifest.xml:34:13-43
116            android:exported="false" >
116-->[com.google.android.gms:play-services-measurement-api:17.2.2] AndroidManifest.xml:29:13-37
117            <meta-data
117-->[com.google.android.gms:play-services-measurement-api:17.2.2] AndroidManifest.xml:30:13-32:85
118                android:name="com.google.firebase.components:com.google.firebase.analytics.connector.internal.AnalyticsConnectorRegistrar"
118-->[com.google.android.gms:play-services-measurement-api:17.2.2] AndroidManifest.xml:31:17-139
119                android:value="com.google.firebase.components.ComponentRegistrar" />
119-->[com.google.android.gms:play-services-measurement-api:17.2.2] AndroidManifest.xml:32:17-82
120            <meta-data
120-->[com.google.firebase:firebase-iid:20.0.2] AndroidManifest.xml:32:13-34:85
121                android:name="com.google.firebase.components:com.google.firebase.iid.Registrar"
121-->[com.google.firebase:firebase-iid:20.0.2] AndroidManifest.xml:33:17-96
122                android:value="com.google.firebase.components.ComponentRegistrar" />
122-->[com.google.firebase:firebase-iid:20.0.2] AndroidManifest.xml:34:17-82
123        </service>
124
125        <activity
125-->[com.google.android.gms:play-services-auth:16.0.1] AndroidManifest.xml:23:9-27:75
126            android:name="com.google.android.gms.auth.api.signin.internal.SignInHubActivity"
126-->[com.google.android.gms:play-services-auth:16.0.1] AndroidManifest.xml:24:13-93
127            android:excludeFromRecents="true"
127-->[com.google.android.gms:play-services-auth:16.0.1] AndroidManifest.xml:25:13-46
128            android:exported="false"
128-->[com.google.android.gms:play-services-auth:16.0.1] AndroidManifest.xml:26:13-37
129            android:theme="@android:style/Theme.Translucent.NoTitleBar" />
129-->[com.google.android.gms:play-services-auth:16.0.1] AndroidManifest.xml:27:13-72
130        <!--
131            Service handling Google Sign-In user revocation. For apps that do not integrate with
132            Google Sign-In, this service will never be started.
133        -->
134        <service
134-->[com.google.android.gms:play-services-auth:16.0.1] AndroidManifest.xml:33:9-36:110
135            android:name="com.google.android.gms.auth.api.signin.RevocationBoundService"
135-->[com.google.android.gms:play-services-auth:16.0.1] AndroidManifest.xml:34:13-89
136            android:exported="true"
136-->[com.google.android.gms:play-services-auth:16.0.1] AndroidManifest.xml:35:13-36
137            android:permission="com.google.android.gms.auth.api.signin.permission.REVOCATION_NOTIFICATION" />
137-->[com.google.android.gms:play-services-auth:16.0.1] AndroidManifest.xml:36:13-107
138
139        <receiver
139-->[com.google.firebase:firebase-iid:20.0.2] AndroidManifest.xml:37:9-44:20
140            android:name="com.google.firebase.iid.FirebaseInstanceIdReceiver"
140-->[com.google.firebase:firebase-iid:20.0.2] AndroidManifest.xml:38:13-78
141            android:exported="true"
141-->[com.google.firebase:firebase-iid:20.0.2] AndroidManifest.xml:39:13-36
142            android:permission="com.google.android.c2dm.permission.SEND" >
142-->[com.google.firebase:firebase-iid:20.0.2] AndroidManifest.xml:40:13-73
143            <intent-filter>
143-->[com.google.firebase:firebase-iid:20.0.2] AndroidManifest.xml:41:13-43:29
144                <action android:name="com.google.android.c2dm.intent.RECEIVE" />
144-->[com.google.firebase:firebase-iid:20.0.2] AndroidManifest.xml:42:17-81
144-->[com.google.firebase:firebase-iid:20.0.2] AndroidManifest.xml:42:25-78
145            </intent-filter>
146        </receiver>
147
148        <provider
148-->[com.google.firebase:firebase-common:19.3.0] AndroidManifest.xml:26:9-30:39
149            android:name="com.google.firebase.provider.FirebaseInitProvider"
149-->[com.google.firebase:firebase-common:19.3.0] AndroidManifest.xml:27:13-77
150            android:authorities="com.jaiye.artist.firebaseinitprovider"
150-->[com.google.firebase:firebase-common:19.3.0] AndroidManifest.xml:28:13-72
151            android:exported="false"
151-->[com.google.firebase:firebase-common:19.3.0] AndroidManifest.xml:29:13-37
152            android:initOrder="100" />
152-->[com.google.firebase:firebase-common:19.3.0] AndroidManifest.xml:30:13-36
153
154        <activity
154-->[com.google.android.gms:play-services-base:17.0.0] AndroidManifest.xml:23:9-26:75
155            android:name="com.google.android.gms.common.api.GoogleApiActivity"
155-->[com.google.android.gms:play-services-base:17.0.0] AndroidManifest.xml:24:13-79
156            android:exported="false"
156-->[com.google.android.gms:play-services-base:17.0.0] AndroidManifest.xml:25:13-37
157            android:theme="@android:style/Theme.Translucent.NoTitleBar" />
157-->[com.google.android.gms:play-services-base:17.0.0] AndroidManifest.xml:26:13-72
158
159        <meta-data
159-->[com.google.android.gms:play-services-basement:17.0.0] AndroidManifest.xml:23:9-25:69
160            android:name="com.google.android.gms.version"
160-->[com.google.android.gms:play-services-basement:17.0.0] AndroidManifest.xml:24:13-58
161            android:value="@integer/google_play_services_version" />
161-->[com.google.android.gms:play-services-basement:17.0.0] AndroidManifest.xml:25:13-66
162        <!--
163         The initialization ContentProvider will call FacebookSdk.sdkInitialize automatically
164         with the application context. This config is merged in with the host app's manifest,
165         but there can only be one provider with the same authority activated at any given
166         point; so if the end user has two or more different apps that use Facebook SDK, only the
167         first one will be able to use the provider. To work around this problem, we use the
168         following placeholder in the authority to identify each host application as if it was
169         a completely different provider.
170        -->
171        <provider
171-->[com.facebook.android:facebook-core:7.1.0] AndroidManifest.xml:39:9-42:40
172            android:name="com.facebook.internal.FacebookInitProvider"
172-->[com.facebook.android:facebook-core:7.1.0] AndroidManifest.xml:40:13-70
173            android:authorities="com.jaiye.artist.FacebookInitProvider"
173-->[com.facebook.android:facebook-core:7.1.0] AndroidManifest.xml:41:13-72
174            android:exported="false" />
174-->[com.facebook.android:facebook-core:7.1.0] AndroidManifest.xml:42:13-37
175
176        <receiver
176-->[com.facebook.android:facebook-core:7.1.0] AndroidManifest.xml:44:9-50:20
177            android:name="com.facebook.CurrentAccessTokenExpirationBroadcastReceiver"
177-->[com.facebook.android:facebook-core:7.1.0] AndroidManifest.xml:45:13-86
178            android:exported="false" >
178-->[com.facebook.android:facebook-core:7.1.0] AndroidManifest.xml:46:13-37
179            <intent-filter>
179-->[com.facebook.android:facebook-core:7.1.0] AndroidManifest.xml:47:13-49:29
180                <action android:name="com.facebook.sdk.ACTION_CURRENT_ACCESS_TOKEN_CHANGED" />
180-->[com.facebook.android:facebook-core:7.1.0] AndroidManifest.xml:48:17-95
180-->[com.facebook.android:facebook-core:7.1.0] AndroidManifest.xml:48:25-92
181            </intent-filter>
182        </receiver>
183    </application>
184
185</manifest>